Arguments: 
  /media/Data/Software/node-8/bin/node /usr/share/yarn/bin/yarn.js instal

PATH: 
  /home/silvius_seacoal/.cargo/bin:/home/silvius_seacoal/bin:/home/silvius_seacoal/.local/bin:/usr/local/sbin:/usr/local/bin:/usr/sbin:/usr/bin:/sbin:/bin:/usr/games:/usr/local/games:/home/stayreal/eclipse/java-neon2/eclipse/:./:/home/silvius_seacoal/.npm-packages/bin

Yarn version: 
  1.5.1

Node version: 
  8.6.0

Platform: 
  linux x64

npm manifest: 
  {
    "name": "mozaic-client",
    "version": "0.0.0",
    "description": "Client code for MOZAIC framework",
    "scripts": {
      "build": "gulp build",
      "test": "echo \"Error: no test specified\" && exit 1"
    },
    "author": "Zeus WPI",
    "license": "MIT",
    "devDependencies": {
      "@types/node": "^9.4.6",
      "@types/split2": "^2.1.6",
      "gulp": "^4.0.0",
      "gulp-protobufjs": "^1.3.0",
      "gulp-typescript": "^4.0.1",
      "plugin-error": "^1.0.1",
      "protobufjs": "^6.8.5",
      "typescript": "^2.7.2"
    },
    "dependencies": {
      "split2": "^2.2.0"
    }
  }

yarn manifest: 
  No manifest

Lockfile: 
  No lockfile

Trace: 
  Error: Command "instal" not found.
      at new MessageError (/usr/share/yarn/lib/cli.js:186:110)
      at /usr/share/yarn/lib/cli.js:87307:17
      at Generator.next (<anonymous>)
      at step (/usr/share/yarn/lib/cli.js:98:30)
      at /usr/share/yarn/lib/cli.js:116:14
      at Promise (<anonymous>)
      at F (/usr/share/yarn/lib/cli.js:23451:28)
      at /usr/share/yarn/lib/cli.js:95:12
      at runCommand (/usr/share/yarn/lib/cli.js:87312:22)
      at Object.<anonymous> (/usr/share/yarn/lib/cli.js:87412:14)
